2020-11-18 16:42:24,723 - root - INFO -[步骤信息]:*******开始执行登录功能_正常测试测试用例******
2020-11-18 16:42:24,731 - root - INFO -[步骤信息]:=====执行输入操作======
输入的数据为：15951938943
2020-11-18 16:42:24,733 - root - INFO -[步骤信息]:当前元素定位类型：xpath，当前查找的元素表达式为：//input[@placeholder="用户名"]
2020-11-18 16:42:24,735 - root - INFO -[步骤信息]:开始等待元素在当前页面可见。
2020-11-18 16:42:24,772 - root - INFO -[步骤信息]:等待时间长为:0.036930084228515625
2020-11-18 16:42:24,907 - root - INFO -[步骤信息]:=====执行输入操作======
输入的数据为：123qwe
2020-11-18 16:42:24,908 - root - INFO -[步骤信息]:当前元素定位类型：xpath，当前查找的元素表达式为：//input[@placeholder="密码"]
2020-11-18 16:42:24,909 - root - INFO -[步骤信息]:开始等待元素在当前页面可见。
2020-11-18 16:42:24,941 - root - INFO -[步骤信息]:等待时间长为:0.03188776969909668
2020-11-18 16:42:25,036 - root - INFO -[步骤信息]:=====执行点击事件======
2020-11-18 16:42:25,037 - root - INFO -[步骤信息]:当前元素定位类型：xpath，当前查找的元素表达式为：//span[text()="登录"]/..
2020-11-18 16:42:25,037 - root - INFO -[步骤信息]:开始等待元素在当前页面可见。
2020-11-18 16:42:25,069 - root - INFO -[步骤信息]:等待时间长为:0.02991938591003418
2020-11-18 16:42:25,237 - root - INFO -[步骤信息]:********登录功能_正常测试用例执行完成*******
2020-11-18 16:42:25,243 - root - INFO -[步骤信息]:=====获取元素的文本内容======
2020-11-18 16:42:25,244 - root - INFO -[步骤信息]:当前元素定位类型：xpath，当前查找的元素表达式为：(//div[@class="userInfo-line"])[1]/div[2]
2020-11-18 16:42:25,245 - root - INFO -[步骤信息]:开始等待元素在当前页面可见。
2020-11-18 16:43:05,854 - root - ERROR -[步骤信息]:等待元素超时.截取当前页面。
2020-11-18 16:43:06,435 - root - INFO -[步骤信息]:已截取当前页面，文件路径：F:\zzjWorkSpace\Autotest\ZHSQ\ScreenShots\2020-11-18_screenshots_dir\等待元素失败-2020-11-18_16_43_05.png
2020-11-18 16:45:11,645 - root - INFO -[步骤信息]:*******开始执行登录功能_正常测试测试用例******
2020-11-18 16:45:11,655 - root - INFO -[步骤信息]:=====执行输入操作======
输入的数据为：15951938943
2020-11-18 16:45:11,657 - root - INFO -[步骤信息]:当前元素定位类型：xpath，当前查找的元素表达式为：//input[@placeholder="用户名"]
2020-11-18 16:45:11,659 - root - INFO -[步骤信息]:开始等待元素在当前页面可见。
2020-11-18 16:45:11,692 - root - INFO -[步骤信息]:等待时间长为:0.03191375732421875
2020-11-18 16:45:11,817 - root - INFO -[步骤信息]:=====执行输入操作======
输入的数据为：123qwe
2020-11-18 16:45:11,818 - root - INFO -[步骤信息]:当前元素定位类型：xpath，当前查找的元素表达式为：//input[@placeholder="密码"]
2020-11-18 16:45:11,819 - root - INFO -[步骤信息]:开始等待元素在当前页面可见。
2020-11-18 16:45:11,851 - root - INFO -[步骤信息]:等待时间长为:0.030917644500732422
2020-11-18 16:45:11,944 - root - INFO -[步骤信息]:=====执行点击事件======
2020-11-18 16:45:11,945 - root - INFO -[步骤信息]:当前元素定位类型：xpath，当前查找的元素表达式为：//span[text()="登录"]/..
2020-11-18 16:45:11,946 - root - INFO -[步骤信息]:开始等待元素在当前页面可见。
2020-11-18 16:45:12,022 - root - INFO -[步骤信息]:等待时间长为:0.0747995376586914
2020-11-18 16:45:12,073 - root - INFO -[步骤信息]:********登录功能_正常测试用例执行完成*******
2020-11-18 16:45:12,082 - root - INFO -[步骤信息]:=====获取元素的文本内容======
2020-11-18 16:45:12,083 - root - INFO -[步骤信息]:当前元素定位类型：xpath，当前查找的元素表达式为：(//div[@class="userInfo-line"])[1]/div[2]
2020-11-18 16:45:12,083 - root - INFO -[步骤信息]:开始等待元素在当前页面可见。
2020-11-18 16:52:41,109 - root - INFO -[步骤信息]:*******开始执行登录功能_正常测试测试用例******
2020-11-18 16:52:41,123 - root - INFO -[步骤信息]:=====执行输入操作======
输入的数据为：15951938943
2020-11-18 16:52:41,125 - root - INFO -[步骤信息]:当前元素定位类型：xpath，当前查找的元素表达式为：//input[@placeholder="用户名"]
2020-11-18 16:52:41,127 - root - INFO -[步骤信息]:开始等待元素在当前页面可见。
2020-11-18 16:52:41,163 - root - INFO -[步骤信息]:等待时间长为:0.03592824935913086
2020-11-18 16:52:41,301 - root - INFO -[步骤信息]:=====执行输入操作======
输入的数据为：123qwe
2020-11-18 16:52:41,311 - root - INFO -[步骤信息]:当前元素定位类型：xpath，当前查找的元素表达式为：//input[@placeholder="密码"]
2020-11-18 16:52:41,311 - root - INFO -[步骤信息]:开始等待元素在当前页面可见。
2020-11-18 16:52:41,338 - root - INFO -[步骤信息]:等待时间长为:0.025901079177856445
2020-11-18 16:52:41,493 - root - INFO -[步骤信息]:=====执行点击事件======
2020-11-18 16:52:41,494 - root - INFO -[步骤信息]:当前元素定位类型：xpath，当前查找的元素表达式为：//span[text()="登录"]/..
2020-11-18 16:52:41,494 - root - INFO -[步骤信息]:开始等待元素在当前页面可见。
2020-11-18 16:52:41,522 - root - INFO -[步骤信息]:等待时间长为:0.026036500930786133
2020-11-18 16:52:41,592 - root - INFO -[步骤信息]:********登录功能_正常测试用例执行完成*******
2020-11-18 16:52:41,600 - root - INFO -[步骤信息]:=====获取元素的文本内容======
2020-11-18 16:52:41,601 - root - INFO -[步骤信息]:当前元素定位类型：xpath，当前查找的元素表达式为：(//div[@class="userInfo-line"])[1]/div[2]
2020-11-18 16:52:41,601 - root - INFO -[步骤信息]:开始等待元素在当前页面可见。
2020-11-18 16:54:50,586 - root - INFO -[步骤信息]:*******开始执行登录功能_正常测试测试用例******
2020-11-18 16:56:43,428 - root - INFO -[步骤信息]:*******开始执行登录功能_正常测试测试用例******
2020-11-18 16:57:50,486 - root - INFO -[步骤信息]:*******开始执行登录功能_正常测试测试用例******
2020-11-18 16:57:50,498 - root - INFO -[步骤信息]:=====执行输入操作======
输入的数据为：admin
2020-11-18 16:57:50,500 - root - INFO -[步骤信息]:当前元素定位类型：xpath，当前查找的元素表达式为：//input[@placeholder="用户名"]
2020-11-18 16:57:50,501 - root - INFO -[步骤信息]:开始等待元素在当前页面可见。
2020-11-18 16:57:50,532 - root - INFO -[步骤信息]:等待时间长为:0.02992105484008789
2020-11-18 16:57:50,633 - root - INFO -[步骤信息]:=====执行输入操作======
输入的数据为：!Pensees
2020-11-18 16:57:50,647 - root - INFO -[步骤信息]:当前元素定位类型：xpath，当前查找的元素表达式为：//input[@placeholder="密码"]
2020-11-18 16:57:50,648 - root - INFO -[步骤信息]:开始等待元素在当前页面可见。
2020-11-18 16:57:50,688 - root - INFO -[步骤信息]:等待时间长为:0.03889727592468262
2020-11-18 16:57:50,814 - root - INFO -[步骤信息]:=====执行点击事件======
2020-11-18 16:57:50,814 - root - INFO -[步骤信息]:当前元素定位类型：xpath，当前查找的元素表达式为：//span[text()="登录"]/..
2020-11-18 16:57:50,815 - root - INFO -[步骤信息]:开始等待元素在当前页面可见。
2020-11-18 16:57:50,839 - root - INFO -[步骤信息]:等待时间长为:0.022938251495361328
2020-11-18 16:57:50,949 - root - INFO -[步骤信息]:********登录功能_正常测试用例执行完成*******
2020-11-18 16:57:50,955 - root - INFO -[步骤信息]:=====获取元素的文本内容======
2020-11-18 16:57:50,955 - root - INFO -[步骤信息]:当前元素定位类型：xpath，当前查找的元素表达式为：(//div[@class="userInfo-line"])[1]/div[2]
2020-11-18 16:57:50,956 - root - INFO -[步骤信息]:开始等待元素在当前页面可见。
2020-11-18 16:58:36,363 - root - INFO -[步骤信息]:*******开始执行登录功能_正常测试测试用例******
2020-11-18 16:58:36,372 - root - INFO -[步骤信息]:=====执行输入操作======
输入的数据为：admin
2020-11-18 16:58:36,373 - root - INFO -[步骤信息]:当前元素定位类型：xpath，当前查找的元素表达式为：//input[@placeholder="用户名"]
2020-11-18 16:58:36,373 - root - INFO -[步骤信息]:开始等待元素在当前页面可见。
2020-11-18 16:58:36,406 - root - INFO -[步骤信息]:等待时间长为:0.03191399574279785
2020-11-18 16:58:36,501 - root - INFO -[步骤信息]:=====执行输入操作======
输入的数据为：!Pensees
2020-11-18 16:58:36,502 - root - INFO -[步骤信息]:当前元素定位类型：xpath，当前查找的元素表达式为：//input[@placeholder="密码"]
2020-11-18 16:58:36,503 - root - INFO -[步骤信息]:开始等待元素在当前页面可见。
2020-11-18 16:58:36,535 - root - INFO -[步骤信息]:等待时间长为:0.03288435935974121
2020-11-18 16:58:36,698 - root - INFO -[步骤信息]:=====执行点击事件======
2020-11-18 16:58:36,699 - root - INFO -[步骤信息]:当前元素定位类型：xpath，当前查找的元素表达式为：//span[text()="登录"]/..
2020-11-18 16:58:36,700 - root - INFO -[步骤信息]:开始等待元素在当前页面可见。
2020-11-18 16:58:36,724 - root - INFO -[步骤信息]:等待时间长为:0.02293872833251953
2020-11-18 16:58:36,789 - root - INFO -[步骤信息]:********登录功能_正常测试用例执行完成*******
2020-11-18 16:58:36,797 - root - INFO -[步骤信息]:=====获取元素的文本内容======
2020-11-18 16:58:36,798 - root - INFO -[步骤信息]:当前元素定位类型：xpath，当前查找的元素表达式为：(//div[@class="userInfo-line"])[1]/div[2]
2020-11-18 16:58:36,798 - root - INFO -[步骤信息]:开始等待元素在当前页面可见。
2020-11-18 16:59:17,662 - root - ERROR -[步骤信息]:等待元素超时.截取当前页面。
2020-11-18 16:59:18,127 - root - INFO -[步骤信息]:已截取当前页面，文件路径：F:\zzjWorkSpace\Autotest\ZHSQ\ScreenShots\2020-11-18_screenshots_dir\等待元素失败-2020-11-18_16_59_17.png
2020-11-18 17:10:10,554 - root - INFO -[步骤信息]:*******开始执行登录功能_正常测试测试用例******
2020-11-18 17:10:10,616 - root - INFO -[步骤信息]:=====执行输入操作======
输入的数据为：admin
2020-11-18 17:10:10,617 - root - INFO -[步骤信息]:当前元素定位类型：xpath，当前查找的元素表达式为：//input[@placeholder="用户名"]
2020-11-18 17:10:10,618 - root - INFO -[步骤信息]:开始等待元素在当前页面可见。
2020-11-18 17:10:10,681 - root - INFO -[步骤信息]:等待时间长为:0.06283211708068848
2020-11-18 17:10:10,867 - root - INFO -[步骤信息]:=====执行输入操作======
输入的数据为：!Pensees
2020-11-18 17:10:10,869 - root - INFO -[步骤信息]:当前元素定位类型：xpath，当前查找的元素表达式为：//input[@placeholder="密码"]
2020-11-18 17:10:10,870 - root - INFO -[步骤信息]:开始等待元素在当前页面可见。
2020-11-18 17:10:10,900 - root - INFO -[步骤信息]:等待时间长为:0.028920888900756836
2020-11-18 17:10:11,150 - root - INFO -[步骤信息]:=====执行点击事件======
2020-11-18 17:10:11,152 - root - INFO -[步骤信息]:当前元素定位类型：xpath，当前查找的元素表达式为：//span[text()="登录"]/..
2020-11-18 17:10:11,152 - root - INFO -[步骤信息]:开始等待元素在当前页面可见。
2020-11-18 17:10:11,177 - root - INFO -[步骤信息]:等待时间长为:0.023960113525390625
2020-11-18 17:10:11,254 - root - INFO -[步骤信息]:********登录功能_正常测试用例执行完成*******
2020-11-18 17:10:11,263 - root - INFO -[步骤信息]:=====执行点击事件======
2020-11-18 17:10:11,263 - root - INFO -[步骤信息]:当前元素定位类型：xpath，当前查找的元素表达式为：//i[@class="icon user-icon"]/following-sibling::span
2020-11-18 17:10:11,264 - root - INFO -[步骤信息]:开始等待元素在当前页面可见。
2020-11-18 17:10:15,130 - root - INFO -[步骤信息]:等待时间长为:3.8659613132476807
2020-11-18 17:10:15,221 - root - INFO -[步骤信息]:=====获取元素的文本内容======
2020-11-18 17:10:15,222 - root - INFO -[步骤信息]:当前元素定位类型：xpath，当前查找的元素表达式为：(//div[@class="userInfo-line"])[1]/div[2]
2020-11-18 17:10:15,222 - root - INFO -[步骤信息]:开始等待元素在当前页面可见。
2020-11-18 17:10:15,247 - root - INFO -[步骤信息]:等待时间长为:0.02291107177734375
2020-11-18 17:10:15,274 - root - INFO -[步骤信息]:*******开始进行结果校验*********
2020-11-18 17:10:15,276 - root - ERROR -[步骤信息]:登录功能_正常测试用例失败原因:assert None == 'admin'
2020-11-18 17:10:23,987 - root - INFO -[步骤信息]:已截取当前页面，文件路径：F:\zzjWorkSpace\Autotest\ZHSQ\ScreenShots\2020-11-18_screenshots_dir\用例异常截图-2020-11-18_17_10_15.png
2020-11-18 17:12:00,556 - root - INFO -[步骤信息]:*******开始执行登录功能_正常测试测试用例******
2020-11-18 17:12:00,565 - root - INFO -[步骤信息]:=====执行输入操作======
输入的数据为：admin
2020-11-18 17:12:00,565 - root - INFO -[步骤信息]:当前元素定位类型：xpath，当前查找的元素表达式为：//input[@placeholder="用户名"]
2020-11-18 17:12:00,566 - root - INFO -[步骤信息]:开始等待元素在当前页面可见。
2020-11-18 17:12:00,600 - root - INFO -[步骤信息]:等待时间长为:0.03393864631652832
2020-11-18 17:12:00,706 - root - INFO -[步骤信息]:=====执行输入操作======
输入的数据为：!Pensees
2020-11-18 17:12:00,712 - root - INFO -[步骤信息]:当前元素定位类型：xpath，当前查找的元素表达式为：//input[@placeholder="密码"]
2020-11-18 17:12:00,715 - root - INFO -[步骤信息]:开始等待元素在当前页面可见。
2020-11-18 17:12:00,751 - root - INFO -[步骤信息]:等待时间长为:0.034903764724731445
2020-11-18 17:12:00,869 - root - INFO -[步骤信息]:=====执行点击事件======
2020-11-18 17:12:00,870 - root - INFO -[步骤信息]:当前元素定位类型：xpath，当前查找的元素表达式为：//span[text()="登录"]/..
2020-11-18 17:12:00,871 - root - INFO -[步骤信息]:开始等待元素在当前页面可见。
2020-11-18 17:12:00,953 - root - INFO -[步骤信息]:等待时间长为:0.08178162574768066
2020-11-18 17:12:01,007 - root - INFO -[步骤信息]:********登录功能_正常测试用例执行完成*******
2020-11-18 17:13:14,666 - root - INFO -[步骤信息]:=====执行点击事件======
2020-11-18 17:13:17,198 - root - INFO -[步骤信息]:当前元素定位类型：xpath，当前查找的元素表达式为：//i[@class="icon user-icon"]/following-sibling::span
2020-11-18 17:13:17,199 - root - INFO -[步骤信息]:开始等待元素在当前页面可见。
2020-11-18 17:13:17,228 - root - INFO -[步骤信息]:等待时间长为:0.02792644500732422
2020-11-18 17:13:39,081 - root - INFO -[步骤信息]:=====获取元素的文本内容======
2020-11-18 17:13:59,395 - root - INFO -[步骤信息]:当前元素定位类型：xpath，当前查找的元素表达式为：(//div[@class="userInfo-line"])[1]/div[2]
2020-11-18 17:13:59,396 - root - INFO -[步骤信息]:开始等待元素在当前页面可见。
2020-11-18 17:13:59,423 - root - INFO -[步骤信息]:等待时间长为:0.026927947998046875
2020-11-18 17:22:35,431 - root - INFO -[步骤信息]:*******开始执行登录功能_正常测试测试用例******
2020-11-18 17:22:35,440 - root - INFO -[步骤信息]:=====执行输入操作======
输入的数据为：admin
2020-11-18 17:22:35,441 - root - INFO -[步骤信息]:当前元素定位类型：xpath，当前查找的元素表达式为：//input[@placeholder="用户名"]
2020-11-18 17:22:35,441 - root - INFO -[步骤信息]:开始等待元素在当前页面可见。
2020-11-18 17:22:35,476 - root - INFO -[步骤信息]:等待时间长为:0.03290820121765137
2020-11-18 17:22:35,574 - root - INFO -[步骤信息]:=====执行输入操作======
输入的数据为：!Pensees
2020-11-18 17:22:35,582 - root - INFO -[步骤信息]:当前元素定位类型：xpath，当前查找的元素表达式为：//input[@placeholder="密码"]
2020-11-18 17:22:35,583 - root - INFO -[步骤信息]:开始等待元素在当前页面可见。
2020-11-18 17:22:35,609 - root - INFO -[步骤信息]:等待时间长为:0.02593088150024414
2020-11-18 17:22:35,811 - root - INFO -[步骤信息]:=====执行点击事件======
2020-11-18 17:22:35,812 - root - INFO -[步骤信息]:当前元素定位类型：xpath，当前查找的元素表达式为：//span[text()="登录"]/..
2020-11-18 17:22:35,813 - root - INFO -[步骤信息]:开始等待元素在当前页面可见。
2020-11-18 17:22:35,839 - root - INFO -[步骤信息]:等待时间长为:0.02595353126525879
2020-11-18 17:22:35,917 - root - INFO -[步骤信息]:********登录功能_正常测试用例执行完成*******
2020-11-18 17:22:35,924 - root - INFO -[步骤信息]:=====执行点击事件======
2020-11-18 17:22:35,925 - root - INFO -[步骤信息]:当前元素定位类型：xpath，当前查找的元素表达式为：//i[@class="icon user-icon"]/following-sibling::span
2020-11-18 17:22:35,926 - root - INFO -[步骤信息]:开始等待元素在当前页面可见。
2020-11-18 17:22:38,005 - root - INFO -[步骤信息]:等待时间长为:2.0790903568267822
2020-11-18 17:22:38,136 - root - INFO -[步骤信息]:=====获取元素的文本内容======
2020-11-18 17:22:38,136 - root - INFO -[步骤信息]:当前元素定位类型：xpath，当前查找的元素表达式为：(//div[@class="userInfo-line"])[1]/div[2]
2020-11-18 17:22:38,137 - root - INFO -[步骤信息]:开始等待元素在当前页面可见。
2020-11-18 17:22:38,172 - root - INFO -[步骤信息]:等待时间长为:0.03491330146789551
2020-11-18 17:24:05,290 - root - INFO -[步骤信息]:*******开始执行登录功能_正常测试测试用例******
2020-11-18 17:24:05,299 - root - INFO -[步骤信息]:=====执行输入操作======
输入的数据为：admin
2020-11-18 17:24:05,299 - root - INFO -[步骤信息]:当前元素定位类型：xpath，当前查找的元素表达式为：//input[@placeholder="用户名"]
2020-11-18 17:24:05,300 - root - INFO -[步骤信息]:开始等待元素在当前页面可见。
2020-11-18 17:24:05,331 - root - INFO -[步骤信息]:等待时间长为:0.030917644500732422
2020-11-18 17:24:05,425 - root - INFO -[步骤信息]:=====执行输入操作======
输入的数据为：!Pensees
2020-11-18 17:24:05,426 - root - INFO -[步骤信息]:当前元素定位类型：xpath，当前查找的元素表达式为：//input[@placeholder="密码"]
2020-11-18 17:24:05,427 - root - INFO -[步骤信息]:开始等待元素在当前页面可见。
2020-11-18 17:24:05,461 - root - INFO -[步骤信息]:等待时间长为:0.03390955924987793
2020-11-18 17:24:05,625 - root - INFO -[步骤信息]:=====执行点击事件======
2020-11-18 17:24:05,625 - root - INFO -[步骤信息]:当前元素定位类型：xpath，当前查找的元素表达式为：//span[text()="登录"]/..
2020-11-18 17:24:05,626 - root - INFO -[步骤信息]:开始等待元素在当前页面可见。
2020-11-18 17:24:05,648 - root - INFO -[步骤信息]:等待时间长为:0.021941423416137695
2020-11-18 17:24:05,715 - root - INFO -[步骤信息]:********登录功能_正常测试用例执行完成*******
2020-11-18 17:24:05,719 - root - INFO -[步骤信息]:=====执行点击事件======
2020-11-18 17:24:05,720 - root - INFO -[步骤信息]:当前元素定位类型：xpath，当前查找的元素表达式为：//i[@class="icon user-icon"]/following-sibling::span
2020-11-18 17:24:05,720 - root - INFO -[步骤信息]:开始等待元素在当前页面可见。
2020-11-18 17:24:07,783 - root - INFO -[步骤信息]:等待时间长为:2.062202215194702
2020-11-18 17:24:07,902 - root - INFO -[步骤信息]:=====获取元素的文本内容======
2020-11-18 17:24:07,903 - root - INFO -[步骤信息]:当前元素定位类型：xpath，当前查找的元素表达式为：(//div[@class="userInfo-line"])[1]/div[2]
2020-11-18 17:24:07,903 - root - INFO -[步骤信息]:开始等待元素在当前页面可见。
2020-11-18 17:24:07,952 - root - INFO -[步骤信息]:等待时间长为:0.04787135124206543
2020-11-18 17:26:33,992 - root - INFO -[步骤信息]:*******开始执行登录功能_正常测试测试用例******
2020-11-18 17:26:34,000 - root - INFO -[步骤信息]:=====执行输入操作======
输入的数据为：admin
2020-11-18 17:26:34,000 - root - INFO -[步骤信息]:当前元素定位类型：xpath，当前查找的元素表达式为：//input[@placeholder="用户名"]
2020-11-18 17:26:34,001 - root - INFO -[步骤信息]:开始等待元素在当前页面可见。
2020-11-18 17:26:34,031 - root - INFO -[步骤信息]:等待时间长为:0.028945207595825195
2020-11-18 17:26:34,127 - root - INFO -[步骤信息]:=====执行输入操作======
输入的数据为：!Pensees
2020-11-18 17:26:34,129 - root - INFO -[步骤信息]:当前元素定位类型：xpath，当前查找的元素表达式为：//input[@placeholder="密码"]
2020-11-18 17:26:34,130 - root - INFO -[步骤信息]:开始等待元素在当前页面可见。
2020-11-18 17:26:34,160 - root - INFO -[步骤信息]:等待时间长为:0.02991962432861328
2020-11-18 17:26:34,321 - root - INFO -[步骤信息]:=====执行点击事件======
2020-11-18 17:26:34,322 - root - INFO -[步骤信息]:当前元素定位类型：xpath，当前查找的元素表达式为：//span[text()="登录"]/..
2020-11-18 17:26:34,323 - root - INFO -[步骤信息]:开始等待元素在当前页面可见。
2020-11-18 17:26:34,347 - root - INFO -[步骤信息]:等待时间长为:0.02293705940246582
2020-11-18 17:26:34,399 - root - INFO -[步骤信息]:********登录功能_正常测试用例执行完成*******
2020-11-18 17:26:34,410 - root - INFO -[步骤信息]:=====执行点击事件======
2020-11-18 17:26:34,411 - root - INFO -[步骤信息]:当前元素定位类型：xpath，当前查找的元素表达式为：//i[@class="icon user-icon"]/following-sibling::span
2020-11-18 17:26:34,411 - root - INFO -[步骤信息]:开始等待元素在当前页面可见。
2020-11-18 17:26:36,481 - root - INFO -[步骤信息]:等待时间长为:2.0684783458709717
2020-11-18 17:26:36,629 - root - INFO -[步骤信息]:=====获取元素的文本内容======
2020-11-18 17:26:36,630 - root - INFO -[步骤信息]:当前元素定位类型：xpath，当前查找的元素表达式为：(//div[@class="userInfo-line"])[1]/div[2]
2020-11-18 17:26:36,630 - root - INFO -[步骤信息]:开始等待元素在当前页面可见。
2020-11-18 17:26:36,664 - root - INFO -[步骤信息]:等待时间长为:0.032912492752075195
2020-11-18 17:26:36,697 - root - INFO -[步骤信息]:获取到的账户名为：None
