2021-01-30 14:56:30,219 - root - INFO -[步骤信息]:=====执行输入操作======
输入的数据为：2010810769
2021-01-30 14:56:30,220 - root - INFO -[步骤信息]:当前元素定位类型：xpath，当前查找的元素表达式为：//input[@placeholder="请输入登录帐号"]
2021-01-30 14:56:30,220 - root - INFO -[步骤信息]:开始等待元素在当前页面可见。
2021-01-30 14:56:30,243 - root - INFO -[步骤信息]:等待时间长为:0.02091360092163086
2021-01-30 14:56:30,286 - root - INFO -[步骤信息]:=====执行输入操作======
输入的数据为：2010810769
2021-01-30 14:56:30,287 - root - INFO -[步骤信息]:当前元素定位类型：xpath，当前查找的元素表达式为：//input[@placeholder="请输入登录密码"]
2021-01-30 14:56:30,288 - root - INFO -[步骤信息]:开始等待元素在当前页面可见。
2021-01-30 14:56:30,307 - root - INFO -[步骤信息]:等待时间长为:0.01795053482055664
2021-01-30 14:56:30,347 - root - INFO -[步骤信息]:=====执行点击事件======
2021-01-30 14:56:30,347 - root - INFO -[步骤信息]:当前元素定位类型：xpath，当前查找的元素表达式为：//button[text()="登录"]
2021-01-30 14:56:30,348 - root - INFO -[步骤信息]:开始等待元素在当前页面可见。
2021-01-30 14:56:30,364 - root - INFO -[步骤信息]:等待时间长为:0.015130996704101562
2021-01-30 14:56:34,949 - root - INFO -[步骤信息]:*********开始执行总览数据校验********
2021-01-30 14:56:34,953 - root - INFO -[步骤信息]:=====获取元素的文本内容======
2021-01-30 14:56:34,954 - root - INFO -[步骤信息]:当前元素定位类型：xpath，当前查找的元素表达式为：//h4[text()="导师年限（年）"]/following-sibling::p
2021-01-30 14:56:34,954 - root - INFO -[步骤信息]:开始等待元素在当前页面可见。
2021-01-30 14:56:34,974 - root - INFO -[步骤信息]:等待时间长为:0.01792430877685547
2021-01-30 14:56:34,990 - root - INFO -[步骤信息]:=====获取元素的文本内容======
2021-01-30 14:56:34,991 - root - INFO -[步骤信息]:当前元素定位类型：xpath，当前查找的元素表达式为：//h4[text()="在读研究生（人）"]/following-sibling::p
2021-01-30 14:56:34,991 - root - INFO -[步骤信息]:开始等待元素在当前页面可见。
2021-01-30 14:56:35,008 - root - INFO -[步骤信息]:等待时间长为:0.01595759391784668
2021-01-30 14:56:35,025 - root - INFO -[步骤信息]:=====获取元素的文本内容======
2021-01-30 14:56:35,025 - root - INFO -[步骤信息]:当前元素定位类型：xpath，当前查找的元素表达式为：//h4[text()="往届毕业生（人）"]/following-sibling::p
2021-01-30 14:56:35,026 - root - INFO -[步骤信息]:开始等待元素在当前页面可见。
2021-01-30 14:56:35,043 - root - INFO -[步骤信息]:等待时间长为:0.015938997268676758
2021-01-30 14:56:35,059 - root - INFO -[步骤信息]:=====获取元素的文本内容======
2021-01-30 14:56:35,060 - root - INFO -[步骤信息]:当前元素定位类型：xpath，当前查找的元素表达式为：//h4[text()="项目经费（万元）"]/following-sibling::p
2021-01-30 14:56:35,060 - root - INFO -[步骤信息]:开始等待元素在当前页面可见。
2021-01-30 14:56:35,079 - root - INFO -[步骤信息]:等待时间长为:0.018926620483398438
2021-01-30 14:56:35,099 - root - INFO -[步骤信息]:=====获取元素的文本内容======
2021-01-30 14:56:35,100 - root - INFO -[步骤信息]:当前元素定位类型：xpath，当前查找的元素表达式为：//h4[text()="论文总数（篇）"]/following-sibling::p
2021-01-30 14:56:35,100 - root - INFO -[步骤信息]:开始等待元素在当前页面可见。
2021-01-30 14:56:35,121 - root - INFO -[步骤信息]:等待时间长为:0.018924713134765625
2021-01-30 14:56:35,140 - root - INFO -[步骤信息]:=====获取元素的文本内容======
2021-01-30 14:56:35,141 - root - INFO -[步骤信息]:当前元素定位类型：xpath，当前查找的元素表达式为：//h4[text()="发明专利（个）"]/following-sibling::p
2021-01-30 14:56:35,141 - root - INFO -[步骤信息]:开始等待元素在当前页面可见。
2021-01-30 14:56:35,160 - root - INFO -[步骤信息]:等待时间长为:0.016953229904174805
2021-01-30 14:56:35,314 - root - INFO -[步骤信息]:获取到的导师年限为：26
2021-01-30 14:56:35,314 - root - INFO -[步骤信息]:获取到的在读研究生为：16
2021-01-30 14:56:35,315 - root - INFO -[步骤信息]:获取到的往届毕业生为：97
2021-01-30 14:56:35,315 - root - INFO -[步骤信息]:获取到的项目经费为：5441.33
2021-01-30 14:56:35,316 - root - INFO -[步骤信息]:获取到的论文总数为：24
2021-01-30 14:56:35,317 - root - INFO -[步骤信息]:获取到的发明专利为：4
2021-01-30 14:56:35,317 - root - INFO -[步骤信息]:数据库中在读研究生人数为：24
2021-01-30 14:56:35,318 - root - INFO -[步骤信息]:数据库中发明专利数为：4
2021-01-30 14:56:35,318 - root - INFO -[步骤信息]:数据库中论文总数为：24
2021-01-30 14:56:35,319 - root - INFO -[步骤信息]:*********开始进行发明专利数校验********
2021-01-30 14:56:35,320 - root - INFO -[步骤信息]:*********发明专利数校验成功********
